[0828/084649.135:ERROR:process_memory_win.cc(73)] ReadMemory at 0xf6c65ed000 of 77824 bytes failed: Only part of a ReadProcessMemory or WriteProcessMemory request was completed. (0x12B)
[0828/084650.343:ERROR:process_memory_win.cc(73)] ReadMemory at 0xf6c6dfd000 of 12288 bytes failed: Only part of a ReadProcessMemory or WriteProcessMemory request was completed. (0x12B)
[0828/084650.351:ERROR:process_memory_win.cc(73)] ReadMemory at 0xf6c7dfd000 of 12288 bytes failed: Only part of a ReadProcessMemory or WriteProcessMemory request was completed. (0x12B)
[0828/084650.351:ERROR:process_memory_win.cc(73)] ReadMemory at 0xf6c85fb000 of 20480 bytes failed: Only part of a ReadProcessMemory or WriteProcessMemory request was completed. (0x12B)
[0828/084650.351:ERROR:process_memory_win.cc(73)] ReadMemory at 0xf6c8dfe000 of 8192 bytes failed: Only part of a ReadProcessMemory or WriteProcessMemory request was completed. (0x12B)
[0828/084650.351:ERROR:process_memory_win.cc(73)] ReadMemory at 0xf6c95fd000 of 12288 bytes failed: Only part of a ReadProcessMemory or WriteProcessMemory request was completed. (0x12B)
[0828/084650.351:ERROR:process_memory_win.cc(73)] ReadMemory at 0xf6c9dfb000 of 20480 bytes failed: Only part of a ReadProcessMemory or WriteProcessMemory request was completed. (0x12B)
[0828/084650.351:ERROR:process_memory_win.cc(73)] ReadMemory at 0xf6ca5fd000 of 12288 bytes failed: Only part of a ReadProcessMemory or WriteProcessMemory request was completed. (0x12B)
[0828/084650.351:ERROR:process_memory_win.cc(73)] ReadMemory at 0xf6cadf9000 of 28672 bytes failed: Only part of a ReadProcessMemory or WriteProcessMemory request was completed. (0x12B)
[0828/084650.351:ERROR:process_memory_win.cc(73)] ReadMemory at 0xf6cb5fb000 of 20480 bytes failed: Only part of a ReadProcessMemory or WriteProcessMemory request was completed. (0x12B)
[0828/084650.351:ERROR:process_memory_win.cc(73)] ReadMemory at 0xf6cbdfd000 of 12288 bytes failed: Only part of a ReadProcessMemory or WriteProcessMemory request was completed. (0x12B)
[0828/084650.351:ERROR:process_memory_win.cc(73)] ReadMemory at 0xf6cddfd000 of 12288 bytes failed: Only part of a ReadProcessMemory or WriteProcessMemory request was completed. (0x12B)
[0828/084650.351:ERROR:process_memory_win.cc(73)] ReadMemory at 0xf6f3df6000 of 40960 bytes failed: Only part of a ReadProcessMemory or WriteProcessMemory request was completed. (0x12B)
[0828/084650.351:ERROR:process_memory_win.cc(73)] ReadMemory at 0xf6f85fa000 of 24576 bytes failed: Only part of a ReadProcessMemory or WriteProcessMemory request was completed. (0x12B)
[0828/084650.351:ERROR:process_memory_win.cc(73)] ReadMemory at 0xf6f8dfc000 of 16384 bytes failed: Only part of a ReadProcessMemory or WriteProcessMemory request was completed. (0x12B)
[0828/084650.351:ERROR:process_memory_win.cc(73)] ReadMemory at 0xf6f95ff000 of 4096 bytes failed: Only part of a ReadProcessMemory or WriteProcessMemory request was completed. (0x12B)
[0828/084650.351:ERROR:process_memory_win.cc(73)] ReadMemory at 0xf6c5c00000 of 6024 bytes failed: Only part of a ReadProcessMemory or WriteProcessMemory request was completed. (0x12B)
[0828/084650.351:ERROR:process_memory_win.cc(73)] ReadMemory at 0xf6c5c02000 of 6024 bytes failed: Only part of a ReadProcessMemory or WriteProcessMemory request was completed. (0x12B)
[0828/084650.351:ERROR:process_memory_win.cc(73)] ReadMemory at 0xf6c5c04000 of 6024 bytes failed: Only part of a ReadProcessMemory or WriteProcessMemory request was completed. (0x12B)
[0828/084650.351:ERROR:process_memory_win.cc(73)] ReadMemory at 0xf6c5c06000 of 6024 bytes failed: Only part of a ReadProcessMemory or WriteProcessMemory request was completed. (0x12B)
[0828/084650.351:ERROR:process_memory_win.cc(73)] ReadMemory at 0xf6c5c08000 of 6024 bytes failed: Only part of a ReadProcessMemory or WriteProcessMemory request was completed. (0x12B)
[0828/084650.351:ERROR:process_memory_win.cc(73)] ReadMemory at 0xf6c5c0a000 of 6024 bytes failed: Only part of a ReadProcessMemory or WriteProcessMemory request was completed. (0x12B)
[0828/084650.351:ERROR:process_memory_win.cc(73)] ReadMemory at 0xf6c5c0c000 of 6024 bytes failed: Only part of a ReadProcessMemory or WriteProcessMemory request was completed. (0x12B)
[0828/084650.513:ERROR:process_memory_win.cc(73)] ReadMemory at 0xf6c5c0e000 of 6024 bytes failed: Only part of a ReadProcessMemory or WriteProcessMemory request was completed. (0x12B)
[0828/084650.513:ERROR:process_memory_win.cc(73)] ReadMemory at 0xf6c5c10000 of 6024 bytes failed: Only part of a ReadProcessMemory or WriteProcessMemory request was completed. (0x12B)
[0828/084650.513:ERROR:process_memory_win.cc(73)] ReadMemory at 0xf6c5c18000 of 6024 bytes failed: Only part of a ReadProcessMemory or WriteProcessMemory request was completed. (0x12B)
[0828/084650.513:ERROR:process_memory_win.cc(73)] ReadMemory at 0xf6c5cb0000 of 6024 bytes failed: Only part of a ReadProcessMemory or WriteProcessMemory request was completed. (0x12B)
[0828/084650.513:ERROR:process_memory_win.cc(73)] ReadMemory at 0xf6c5cc2000 of 6024 bytes failed: Only part of a ReadProcessMemory or WriteProcessMemory request was completed. (0x12B)
[0828/084650.513:ERROR:process_memory_win.cc(73)] ReadMemory at 0xf6c5cc4000 of 6024 bytes failed: Only part of a ReadProcessMemory or WriteProcessMemory request was completed. (0x12B)
[0828/084650.513:ERROR:process_memory_win.cc(73)] ReadMemory at 0xf6c5cc6000 of 6024 bytes failed: Only part of a ReadProcessMemory or WriteProcessMemory request was completed. (0x12B)
[0828/084650.513:ERROR:process_memory_win.cc(73)] ReadMemory at 0xf6c5df9000 of 852 bytes failed: Only part of a ReadProcessMemory or WriteProcessMemory request was completed. (0x12B)
[0828/084650.513:ERROR:process_memory_win.cc(73)] ReadMemory at 0xf6c5dfa000 of 6024 bytes failed: Only part of a ReadProcessMemory or WriteProcessMemory request was completed. (0x12B)
[0828/084650.513:ERROR:process_memory_win.cc(73)] ReadMemory at 0xf6c5dfc000 of 6024 bytes failed: Only part of a ReadProcessMemory or WriteProcessMemory request was completed. (0x12B)
[0828/084650.513:ERROR:process_memory_win.cc(73)] ReadMemory at 0x24100130000 of 384 bytes failed: Only part of a ReadProcessMemory or WriteProcessMemory request was completed. (0x12B)
[0828/084650.513:ERROR:process_memory_win.cc(73)] ReadMemory at 0x24100130234 of 512 bytes failed: Only part of a ReadProcessMemory or WriteProcessMemory request was completed. (0x12B)
[0828/084650.513:ERROR:process_memory_win.cc(73)] ReadMemory at 0x24100130c40 of 704 bytes failed: Only part of a ReadProcessMemory or WriteProcessMemory request was completed. (0x12B)
[0828/084650.513:ERROR:process_memory_win.cc(73)] ReadMemory at 0x2410180dee0 of 512 bytes failed: Only part of a ReadProcessMemory or WriteProcessMemory request was completed. (0x12B)
[0828/084650.513:ERROR:process_memory_win.cc(73)] ReadMemory at 0x241018f5df0 of 512 bytes failed: Only part of a ReadProcessMemory or WriteProcessMemory request was completed. (0x12B)
[0828/084650.513:ERROR:process_memory_win.cc(73)] ReadMemory at 0x24101900000 of 384 bytes failed: Only part of a ReadProcessMemory or WriteProcessMemory request was completed. (0x12B)
[0828/084650.513:ERROR:process_memory_win.cc(73)] ReadMemory at 0x241019070b0 of 512 bytes failed: Only part of a ReadProcessMemory or WriteProcessMemory request was completed. (0x12B)
[0828/084650.513:ERROR:process_memory_win.cc(73)] ReadMemory at 0x241022b7470 of 512 bytes failed: Only part of a ReadProcessMemory or WriteProcessMemory request was completed. (0x12B)
[0828/084650.713:ERROR:process_memory_win.cc(73)] ReadMemory at 0x241022bb440 of 512 bytes failed: Only part of a ReadProcessMemory or WriteProcessMemory request was completed. (0x12B)
[0828/084651.185:ERROR:process_memory_win.cc(73)] ReadMemory at 0x241022bcdc0 of 512 bytes failed: Only part of a ReadProcessMemory or WriteProcessMemory request was completed. (0x12B)
[0828/084651.185:ERROR:process_memory_win.cc(73)] ReadMemory at 0x241022bd3c0 of 512 bytes failed: Only part of a ReadProcessMemory or WriteProcessMemory request was completed. (0x12B)
[0828/084651.257:ERROR:process_memory_win.cc(73)] ReadMemory at 0x241023997c0 of 512 bytes failed: Only part of a ReadProcessMemory or WriteProcessMemory request was completed. (0x12B)
[0828/084651.257:ERROR:process_memory_win.cc(73)] ReadMemory at 0x2410255db00 of 512 bytes failed: Only part of a ReadProcessMemory or WriteProcessMemory request was completed. (0x12B)
[0828/084651.257:ERROR:process_memory_win.cc(73)] ReadMemory at 0x24102563be0 of 624 bytes failed: Only part of a ReadProcessMemory or WriteProcessMemory request was completed. (0x12B)
[0828/084651.257:ERROR:process_memory_win.cc(73)] ReadMemory at 0x241026ae000 of 512 bytes failed: Only part of a ReadProcessMemory or WriteProcessMemory request was completed. (0x12B)
[0828/084651.305:ERROR:process_memory_win.cc(73)] ReadMemory at 0x24102a3ab40 of 512 bytes failed: Only part of a ReadProcessMemory or WriteProcessMemory request was completed. (0x12B)
[0828/084651.305:ERROR:process_memory_win.cc(73)] ReadMemory at 0x2410338c940 of 512 bytes failed: Only part of a ReadProcessMemory or WriteProcessMemory request was completed. (0x12B)
[0828/084651.305:ERROR:process_memory_win.cc(73)] ReadMemory at 0x241034c2bf0 of 512 bytes failed: Only part of a ReadProcessMemory or WriteProcessMemory request was completed. (0x12B)
[0828/084651.393:ERROR:process_memory_win.cc(73)] ReadMemory at 0x2410698d830 of 512 bytes failed: Only part of a ReadProcessMemory or WriteProcessMemory request was completed. (0x12B)
[0828/084651.481:ERROR:process_memory_win.cc(73)] ReadMemory at 0x2414b4b0fc0 of 16962 bytes failed: Only part of a ReadProcessMemory or WriteProcessMemory request was completed. (0x12B)
[0828/084651.489:ERROR:process_memory_win.cc(73)] ReadMemory at 0x2414b4b5210 of 1012 bytes failed: Only part of a ReadProcessMemory or WriteProcessMemory request was completed. (0x12B)
[0828/084651.489:ERROR:process_memory_win.cc(73)] ReadMemory at 0x2414b4b5828 of 118 bytes failed: Only part of a ReadProcessMemory or WriteProcessMemory request was completed. (0x12B)
[0828/084651.489:ERROR:process_memory_win.cc(73)] ReadMemory at 0x2414b4b58a0 of 848 bytes failed: Only part of a ReadProcessMemory or WriteProcessMemory request was completed. (0x12B)
[0828/084651.497:ERROR:process_memory_win.cc(73)] ReadMemory at 0x2414b4b5bf2 of 118 bytes failed: Only part of a ReadProcessMemory or WriteProcessMemory request was completed. (0x12B)
[0828/084651.497:ERROR:process_memory_win.cc(73)] ReadMemory at 0x2414b4b5c6a of 94 bytes failed: Only part of a ReadProcessMemory or WriteProcessMemory request was completed. (0x12B)
[0828/084651.497:ERROR:process_memory_win.cc(73)] ReadMemory at 0x2414b4b5ce0 of 58 bytes failed: Only part of a ReadProcessMemory or WriteProcessMemory request was completed. (0x12B)
[0828/084651.497:ERROR:process_memory_win.cc(73)] ReadMemory at 0x2414b4b5de0 of 132 bytes failed: Only part of a ReadProcessMemory or WriteProcessMemory request was completed. (0x12B)
[0828/084651.497:ERROR:process_memory_win.cc(73)] ReadMemory at 0x2414b4b5f70 of 132 bytes failed: Only part of a ReadProcessMemory or WriteProcessMemory request was completed. (0x12B)
[0828/084651.497:ERROR:process_memory_win.cc(73)] ReadMemory at 0x2414b4b6130 of 126 bytes failed: Only part of a ReadProcessMemory or WriteProcessMemory request was completed. (0x12B)
[0828/084651.585:ERROR:process_memory_win.cc(73)] ReadMemory at 0x2414b4b64f0 of 132 bytes failed: Only part of a ReadProcessMemory or WriteProcessMemory request was completed. (0x12B)
[0828/084651.585:ERROR:process_memory_win.cc(73)] ReadMemory at 0x2414b4b6680 of 64 bytes failed: Only part of a ReadProcessMemory or WriteProcessMemory request was completed. (0x12B)
[0828/084651.705:ERROR:process_memory_win.cc(73)] ReadMemory at 0x2414b4b6a00 of 132 bytes failed: Only part of a ReadProcessMemory or WriteProcessMemory request was completed. (0x12B)
[0828/084651.705:ERROR:process_memory_win.cc(73)] ReadMemory at 0x2414b4b6b90 of 68 bytes failed: Only part of a ReadProcessMemory or WriteProcessMemory request was completed. (0x12B)
[0828/084651.705:ERROR:process_memory_win.cc(73)] ReadMemory at 0x2414b4b7980 of 132 bytes failed: Only part of a ReadProcessMemory or WriteProcessMemory request was completed. (0x12B)
[0828/084651.705:ERROR:process_memory_win.cc(73)] ReadMemory at 0x2414b4b7b70 of 132 bytes failed: Only part of a ReadProcessMemory or WriteProcessMemory request was completed. (0x12B)
[0828/084651.705:ERROR:process_memory_win.cc(73)] ReadMemory at 0x2414b4b7ca0 of 154 bytes failed: Only part of a ReadProcessMemory or WriteProcessMemory request was completed. (0x12B)
[0828/084651.705:ERROR:process_memory_win.cc(73)] ReadMemory at 0x2414b4b8b30 of 62 bytes failed: Only part of a ReadProcessMemory or WriteProcessMemory request was completed. (0x12B)
[0828/084651.705:ERROR:process_memory_win.cc(73)] ReadMemory at 0x2414b4b8c70 of 132 bytes failed: Only part of a ReadProcessMemory or WriteProcessMemory request was completed. (0x12B)
[0828/084651.705:ERROR:process_memory_win.cc(73)] ReadMemory at 0x2414b4b8e00 of 60 bytes failed: Only part of a ReadProcessMemory or WriteProcessMemory request was completed. (0x12B)
[0828/084651.721:ERROR:process_memory_win.cc(73)] ReadMemory at 0x2414b4c71f0 of 64 bytes failed: Only part of a ReadProcessMemory or WriteProcessMemory request was completed. (0x12B)
[0828/084651.777:ERROR:process_memory_win.cc(73)] ReadMemory at 0x2414b4c7380 of 64 bytes failed: Only part of a ReadProcessMemory or WriteProcessMemory request was completed. (0x12B)
[0828/084652.001:ERROR:process_memory_win.cc(73)] ReadMemory at 0x2414b4c73d0 of 66 bytes failed: Only part of a ReadProcessMemory or WriteProcessMemory request was completed. (0x12B)
[0828/084652.001:ERROR:process_memory_win.cc(73)] ReadMemory at 0x2414b4c7510 of 64 bytes failed: Only part of a ReadProcessMemory or WriteProcessMemory request was completed. (0x12B)
[0828/084652.001:ERROR:process_memory_win.cc(73)] ReadMemory at 0x2414b4c75b0 of 60 bytes failed: Only part of a ReadProcessMemory or WriteProcessMemory request was completed. (0x12B)
[0828/084652.001:ERROR:process_memory_win.cc(73)] ReadMemory at 0x2414b4c7600 of 66 bytes failed: Only part of a ReadProcessMemory or WriteProcessMemory request was completed. (0x12B)
[0828/084652.001:ERROR:process_memory_win.cc(73)] ReadMemory at 0x2414b4c7650 of 64 bytes failed: Only part of a ReadProcessMemory or WriteProcessMemory request was completed. (0x12B)
[0828/084652.001:ERROR:process_memory_win.cc(73)] ReadMemory at 0x2414b4c76a0 of 62 bytes failed: Only part of a ReadProcessMemory or WriteProcessMemory request was completed. (0x12B)
[0828/084652.001:ERROR:process_memory_win.cc(73)] ReadMemory at 0x2414b4c7790 of 64 bytes failed: Only part of a ReadProcessMemory or WriteProcessMemory request was completed. (0x12B)
[0828/084652.001:ERROR:process_memory_win.cc(73)] ReadMemory at 0x2414b4c77e0 of 60 bytes failed: Only part of a ReadProcessMemory or WriteProcessMemory request was completed. (0x12B)
[0828/084652.033:ERROR:process_memory_win.cc(73)] ReadMemory at 0x2414b4c7830 of 60 bytes failed: Only part of a ReadProcessMemory or WriteProcessMemory request was completed. (0x12B)
[0828/084652.033:ERROR:process_memory_win.cc(73)] ReadMemory at 0x2414b4c78d0 of 64 bytes failed: Only part of a ReadProcessMemory or WriteProcessMemory request was completed. (0x12B)
[0828/084652.033:ERROR:process_memory_win.cc(73)] ReadMemory at 0x2414b4c7a60 of 62 bytes failed: Only part of a ReadProcessMemory or WriteProcessMemory request was completed. (0x12B)
[0828/084652.033:ERROR:process_memory_win.cc(73)] ReadMemory at 0x2414b4c7ab0 of 60 bytes failed: Only part of a ReadProcessMemory or WriteProcessMemory request was completed. (0x12B)
[0828/084652.033:ERROR:process_memory_win.cc(73)] ReadMemory at 0x2414b4c7b00 of 62 bytes failed: Only part of a ReadProcessMemory or WriteProcessMemory request was completed. (0x12B)
[0828/084652.033:ERROR:process_memory_win.cc(73)] ReadMemory at 0x2414b4c7b50 of 62 bytes failed: Only part of a ReadProcessMemory or WriteProcessMemory request was completed. (0x12B)
[0828/084652.033:ERROR:process_memory_win.cc(73)] ReadMemory at 0x2414b4c7ba0 of 58 bytes failed: Only part of a ReadProcessMemory or WriteProcessMemory request was completed. (0x12B)
[0828/084652.033:ERROR:process_memory_win.cc(73)] ReadMemory at 0x2414b4c7c40 of 62 bytes failed: Only part of a ReadProcessMemory or WriteProcessMemory request was completed. (0x12B)
[0828/084652.033:ERROR:process_memory_win.cc(73)] ReadMemory at 0x2414b4c7c90 of 60 bytes failed: Only part of a ReadProcessMemory or WriteProcessMemory request was completed. (0x12B)
[0828/084652.033:ERROR:process_memory_win.cc(73)] ReadMemory at 0x2414b4c7d30 of 62 bytes failed: Only part of a ReadProcessMemory or WriteProcessMemory request was completed. (0x12B)
[0828/084652.033:ERROR:process_memory_win.cc(73)] ReadMemory at 0x2414b4c7e20 of 64 bytes failed: Only part of a ReadProcessMemory or WriteProcessMemory request was completed. (0x12B)
[0828/084652.033:ERROR:process_memory_win.cc(73)] ReadMemory at 0x2414b4c7e70 of 64 bytes failed: Only part of a ReadProcessMemory or WriteProcessMemory request was completed. (0x12B)
[0828/084652.033:ERROR:process_memory_win.cc(73)] ReadMemory at 0x2414b4c7f10 of 62 bytes failed: Only part of a ReadProcessMemory or WriteProcessMemory request was completed. (0x12B)
[0828/084652.033:ERROR:process_memory_win.cc(73)] ReadMemory at 0x2414b4c7f60 of 62 bytes failed: Only part of a ReadProcessMemory or WriteProcessMemory request was completed. (0x12B)
[0828/084652.049:ERROR:process_memory_win.cc(73)] ReadMemory at 0x2414b4ca410 of 80 bytes failed: Only part of a ReadProcessMemory or WriteProcessMemory request was completed. (0x12B)
[0828/084652.049:ERROR:process_memory_win.cc(73)] ReadMemory at 0x2414b4cbcd0 of 132 bytes failed: Only part of a ReadProcessMemory or WriteProcessMemory request was completed. (0x12B)
[0828/084652.049:ERROR:process_memory_win.cc(73)] ReadMemory at 0x2414b4cce80 of 80 bytes failed: Only part of a ReadProcessMemory or WriteProcessMemory request was completed. (0x12B)
[0828/084652.105:ERROR:process_memory_win.cc(73)] ReadMemory at 0x2414b4d21e0 of 54 bytes failed: Only part of a ReadProcessMemory or WriteProcessMemory request was completed. (0x12B)
[0828/084652.105:ERROR:process_memory_win.cc(73)] ReadMemory at 0x2414b4d3820 of 132 bytes failed: Only part of a ReadProcessMemory or WriteProcessMemory request was completed. (0x12B)
[0828/084652.105:ERROR:process_memory_win.cc(73)] ReadMemory at 0x2414b4d3950 of 132 bytes failed: Only part of a ReadProcessMemory or WriteProcessMemory request was completed. (0x12B)
[0828/084652.233:ERROR:process_memory_win.cc(73)] ReadMemory at 0x2414b4d3ba0 of 132 bytes failed: Only part of a ReadProcessMemory or WriteProcessMemory request was completed. (0x12B)
[0828/084652.233:ERROR:process_memory_win.cc(73)] ReadMemory at 0x2414b4d3dc0 of 132 bytes failed: Only part of a ReadProcessMemory or WriteProcessMemory request was completed. (0x12B)
[0828/084652.233:ERROR:process_memory_win.cc(73)] ReadMemory at 0x2414b4d4030 of 132 bytes failed: Only part of a ReadProcessMemory or WriteProcessMemory request was completed. (0x12B)
[0828/084652.233:ERROR:process_memory_win.cc(73)] ReadMemory at 0x2414b4d4160 of 132 bytes failed: Only part of a ReadProcessMemory or WriteProcessMemory request was completed. (0x12B)
[0828/084652.377:ERROR:process_memory_win.cc(73)] ReadMemory at 0x2414b4d4290 of 132 bytes failed: Only part of a ReadProcessMemory or WriteProcessMemory request was completed. (0x12B)
[0828/084652.377:ERROR:process_memory_win.cc(73)] ReadMemory at 0x2414b4d5ab0 of 132 bytes failed: Only part of a ReadProcessMemory or WriteProcessMemory request was completed. (0x12B)
[0828/084652.385:ERROR:process_memory_win.cc(73)] ReadMemory at 0x2414b4d5be0 of 146 bytes failed: Only part of a ReadProcessMemory or WriteProcessMemory request was completed. (0x12B)
[0828/084652.417:ERROR:process_memory_win.cc(73)] ReadMemory at 0x2414b4d92b0 of 132 bytes failed: Only part of a ReadProcessMemory or WriteProcessMemory request was completed. (0x12B)
[0828/084652.417:ERROR:process_memory_win.cc(73)] ReadMemory at 0x2414b4d93e0 of 132 bytes failed: Only part of a ReadProcessMemory or WriteProcessMemory request was completed. (0x12B)
[0828/084652.417:ERROR:process_memory_win.cc(73)] ReadMemory at 0x2414b4d9510 of 132 bytes failed: Only part of a ReadProcessMemory or WriteProcessMemory request was completed. (0x12B)
[0828/084652.417:ERROR:process_memory_win.cc(73)] ReadMemory at 0x2414b4d9640 of 132 bytes failed: Only part of a ReadProcessMemory or WriteProcessMemory request was completed. (0x12B)
[0828/084652.417:ERROR:process_memory_win.cc(73)] ReadMemory at 0x2414b4d9770 of 132 bytes failed: Only part of a ReadProcessMemory or WriteProcessMemory request was completed. (0x12B)
[0828/084652.417:ERROR:process_memory_win.cc(73)] ReadMemory at 0x2414b4d98a0 of 132 bytes failed: Only part of a ReadProcessMemory or WriteProcessMemory request was completed. (0x12B)
[0828/084652.417:ERROR:process_memory_win.cc(73)] ReadMemory at 0x2414b4d99d0 of 132 bytes failed: Only part of a ReadProcessMemory or WriteProcessMemory request was completed. (0x12B)
[0828/084652.417:ERROR:process_memory_win.cc(73)] ReadMemory at 0x2414b4d9b00 of 132 bytes failed: Only part of a ReadProcessMemory or WriteProcessMemory request was completed. (0x12B)
[0828/084652.417:ERROR:process_memory_win.cc(73)] ReadMemory at 0x2414b4d9c30 of 132 bytes failed: Only part of a ReadProcessMemory or WriteProcessMemory request was completed. (0x12B)
[0828/084652.417:ERROR:process_memory_win.cc(73)] ReadMemory at 0x2414b4d9d60 of 132 bytes failed: Only part of a ReadProcessMemory or WriteProcessMemory request was completed. (0x12B)
[0828/084652.417:ERROR:process_memory_win.cc(73)] ReadMemory at 0x2414b4d9e90 of 132 bytes failed: Only part of a ReadProcessMemory or WriteProcessMemory request was completed. (0x12B)
[0828/084652.417:ERROR:process_memory_win.cc(73)] ReadMemory at 0x2414b4d9fc0 of 132 bytes failed: Only part of a ReadProcessMemory or WriteProcessMemory request was completed. (0x12B)
[0828/084652.417:ERROR:process_memory_win.cc(73)] ReadMemory at 0x2414b4da0f0 of 132 bytes failed: Only part of a ReadProcessMemory or WriteProcessMemory request was completed. (0x12B)
[0828/084652.417:ERROR:process_memory_win.cc(73)] ReadMemory at 0x2414b4dbce0 of 132 bytes failed: Only part of a ReadProcessMemory or WriteProcessMemory request was completed. (0x12B)
[0828/084652.609:ERROR:process_memory_win.cc(73)] ReadMemory at 0x2414b4dc280 of 132 bytes failed: Only part of a ReadProcessMemory or WriteProcessMemory request was completed. (0x12B)
[0828/084652.609:ERROR:process_memory_win.cc(73)] ReadMemory at 0x2414b4dc740 of 132 bytes failed: Only part of a ReadProcessMemory or WriteProcessMemory request was completed. (0x12B)
[0828/084652.609:ERROR:process_memory_win.cc(73)] ReadMemory at 0x2414b4dc870 of 132 bytes failed: Only part of a ReadProcessMemory or WriteProcessMemory request was completed. (0x12B)
[0828/084652.609:ERROR:process_memory_win.cc(73)] ReadMemory at 0x2414b4dd1f0 of 132 bytes failed: Only part of a ReadProcessMemory or WriteProcessMemory request was completed. (0x12B)
[0828/084653.041:ERROR:process_memory_win.cc(73)] ReadMemory at 0x2414b4dda40 of 132 bytes failed: Only part of a ReadProcessMemory or WriteProcessMemory request was completed. (0x12B)
[0828/084653.041:ERROR:process_memory_win.cc(73)] ReadMemory at 0x2414b4dddd0 of 132 bytes failed: Only part of a ReadProcessMemory or WriteProcessMemory request was completed. (0x12B)
[0828/084653.041:ERROR:process_memory_win.cc(73)] ReadMemory at 0x2414b4dfe00 of 62 bytes failed: Only part of a ReadProcessMemory or WriteProcessMemory request was completed. (0x12B)
[0828/084653.041:ERROR:process_memory_win.cc(73)] ReadMemory at 0x2414b4e8a10 of 512 bytes failed: Only part of a ReadProcessMemory or WriteProcessMemory request was completed. (0x12B)
[0828/084653.041:ERROR:process_memory_win.cc(73)] ReadMemory at 0x2414b4f0be0 of 512 bytes failed: Only part of a ReadProcessMemory or WriteProcessMemory request was completed. (0x12B)
[0828/084653.041:ERROR:process_memory_win.cc(73)] ReadMemory at 0x2414b528748 of 512 bytes failed: Only part of a ReadProcessMemory or WriteProcessMemory request was completed. (0x12B)
[0828/084653.041:ERROR:process_memory_win.cc(73)] ReadMemory at 0x2414b52f910 of 512 bytes failed: Only part of a ReadProcessMemory or WriteProcessMemory request was completed. (0x12B)
[0828/084653.041:ERROR:process_memory_win.cc(73)] ReadMemory at 0x2414b540500 of 512 bytes failed: Only part of a ReadProcessMemory or WriteProcessMemory request was completed. (0x12B)
[0828/084653.041:ERROR:process_memory_win.cc(73)] ReadMemory at 0x2414b542d60 of 512 bytes failed: Only part of a ReadProcessMemory or WriteProcessMemory request was completed. (0x12B)
[0828/084653.041:ERROR:process_memory_win.cc(73)] ReadMemory at 0x2414b55e290 of 512 bytes failed: Only part of a ReadProcessMemory or WriteProcessMemory request was completed. (0x12B)
[0828/084653.041:ERROR:process_memory_win.cc(73)] ReadMemory at 0x2414b55f320 of 712 bytes failed: Only part of a ReadProcessMemory or WriteProcessMemory request was completed. (0x12B)
[0828/084653.129:ERROR:process_memory_win.cc(73)] ReadMemory at 0x2414b584530 of 512 bytes failed: Only part of a ReadProcessMemory or WriteProcessMemory request was completed. (0x12B)
[0828/084653.129:ERROR:process_memory_win.cc(73)] ReadMemory at 0x2414b5a1fd0 of 512 bytes failed: Only part of a ReadProcessMemory or WriteProcessMemory request was completed. (0x12B)
[0828/084653.129:ERROR:process_memory_win.cc(73)] ReadMemory at 0x597c08040669 of 512 bytes failed: Only part of a ReadProcessMemory or WriteProcessMemory request was completed. (0x12B)
[0828/084653.129:ERROR:process_memory_win.cc(73)] ReadMemory at 0x597c09f5fe65 of 512 bytes failed: Only part of a ReadProcessMemory or WriteProcessMemory request was completed. (0x12B)
[0828/084653.129:ERROR:process_memory_win.cc(73)] ReadMemory at 0x597c0a76db01 of 515 bytes failed: Only part of a ReadProcessMemory or WriteProcessMemory request was completed. (0x12B)
[0828/084653.129:ERROR:process_memory_win.cc(73)] ReadMemory at 0x597c0aa16dd1 of 515 bytes failed: Only part of a ReadProcessMemory or WriteProcessMemory request was completed. (0x12B)
[0828/084653.129:ERROR:process_memory_win.cc(73)] ReadMemory at 0x597c3baedf70 of 512 bytes failed: Only part of a ReadProcessMemory or WriteProcessMemory request was completed. (0x12B)
[0828/084653.129:ERROR:process_memory_win.cc(73)] ReadMemory at 0x597c3bb00f7c of 512 bytes failed: Only part of a ReadProcessMemory or WriteProcessMemory request was completed. (0x12B)
[0828/084653.153:ERROR:process_memory_win.cc(73)] ReadMemory at 0x7ff82a6c78db of 512 bytes failed: Only part of a ReadProcessMemory or WriteProcessMemory request was completed. (0x12B)
[0828/084653.249:ERROR:process_memory_win.cc(73)] ReadMemory at 0x7ff82c17c45a of 512 bytes failed: Only part of a ReadProcessMemory or WriteProcessMemory request was completed. (0x12B)
[0828/084653.289:ERROR:process_memory_win.cc(73)] ReadMemory at 0x7ff82c17d7fc of 512 bytes failed: Only part of a ReadProcessMemory or WriteProcessMemory request was completed. (0x12B)
[0828/084653.289:ERROR:process_memory_win.cc(73)] ReadMemory at 0x7ff831140e00 of 512 bytes failed: Only part of a ReadProcessMemory or WriteProcessMemory request was completed. (0x12B)
[0828/084653.289:ERROR:process_memory_win.cc(73)] ReadMemory at 0x7ff8313b9cb0 of 512 bytes failed: Only part of a ReadProcessMemory or WriteProcessMemory request was completed. (0x12B)
[0828/084653.361:ERROR:process_memory_win.cc(73)] ReadMemory at 0x7ff8418679b3 of 512 bytes failed: Only part of a ReadProcessMemory or WriteProcessMemory request was completed. (0x12B)
[0828/084653.361:ERROR:process_memory_win.cc(73)] ReadMemory at 0x7ff8418681a0 of 512 bytes failed: Only part of a ReadProcessMemory or WriteProcessMemory request was completed. (0x12B)
[0828/084653.361:ERROR:process_memory_win.cc(73)] ReadMemory at 0x7ff86586cb0f of 512 bytes failed: Only part of a ReadProcessMemory or WriteProcessMemory request was completed. (0x12B)
[0828/084653.545:ERROR:process_memory_win.cc(73)] ReadMemory at 0x7ff865881250 of 512 bytes failed: Only part of a ReadProcessMemory or WriteProcessMemory request was completed. (0x12B)
[0828/084653.545:ERROR:process_memory_win.cc(73)] ReadMemory at 0x7ff8658829e0 of 512 bytes failed: Only part of a ReadProcessMemory or WriteProcessMemory request was completed. (0x12B)
[0828/084653.545:ERROR:process_memory_win.cc(73)] ReadMemory at 0x7ff865882e80 of 512 bytes failed: Only part of a ReadProcessMemory or WriteProcessMemory request was completed. (0x12B)
[0828/084653.545:ERROR:process_memory_win.cc(73)] ReadMemory at 0x7ff8658e53b4 of 672 bytes failed: Only part of a ReadProcessMemory or WriteProcessMemory request was completed. (0x12B)
[0828/084653.545:ERROR:process_memory_win.cc(73)] ReadMemory at 0x7ff8658e8b64 of 608 bytes failed: Only part of a ReadProcessMemory or WriteProcessMemory request was completed. (0x12B)
[0828/084653.681:ERROR:process_memory_win.cc(73)] ReadMemory at 0x7ff8659638e0 of 18 bytes failed: Only part of a ReadProcessMemory or WriteProcessMemory request was completed. (0x12B)
[0828/084653.681:ERROR:process_memory_win.cc(73)] ReadMemory at 0x7ff8659955a8 of 40 bytes failed: Only part of a ReadProcessMemory or WriteProcessMemory request was completed. (0x12B)
[0828/084653.681:ERROR:process_memory_win.cc(73)] ReadMemory at 0x7ff8659959a8 of 48 bytes failed: Only part of a ReadProcessMemory or WriteProcessMemory request was completed. (0x12B)
[0828/084653.681:ERROR:process_memory_win.cc(73)] ReadMemory at 0x7ff86599b340 of 64 bytes failed: Only part of a ReadProcessMemory or WriteProcessMemory request was completed. (0x12B)
[0828/084654.649:ERROR:scoped_process_suspend.cc(40)] NtResumeProcess: An attempt was made to access an exiting process. (0xc000010a)
[0828/185527.351:ERROR:process_info.cc(329)] VirtualQueryEx: Access is denied. (0x5)
[0828/185527.742:ERROR:process_info.cc(556)] ReadMemoryInfo failed
[0828/185527.796:ERROR:process_memory_win.cc(39)] Failed to initialize ProcessInfo.
[0828/185527.823:ERROR:scoped_process_suspend.cc(40)] NtResumeProcess: An attempt was made to access an exiting process. (0xc000010a)
